<?xml version="1.0" encoding="UTF-8"?>
<!-- Generated by org.testng.reporters.JUnitXMLReporter -->
<testsuite ignored="0" hostname="TejaSwaroop" failures="1" tests="1" name="Default test" time="5.818" errors="0" timestamp="2022-11-28T20:03:17 GMT">
  <testcase classname="io.cucumber.testng.AbstractTestNGCucumberTests" name="runScenario" time="4.427">
    <failure type="org.openqa.selenium.SessionNotCreatedException" message="session not created: This version of ChromeDriver only supports Chrome version 104
Current browser version is 107.0.5304.107 with binary path C:\Program Files (x86)\Google\Chrome\Application\chrome.exe
Build info: version: &amp;apos;3.141.59&amp;apos;, revision: &amp;apos;e82be7d358&amp;apos;, time: &amp;apos;2018-11-14T08:17:03&amp;apos;
System info: host: &amp;apos;TEJASWAROOP&amp;apos;, ip: &amp;apos;192.168.1.12&amp;apos;, os.name: &amp;apos;Windows 10&amp;apos;, os.arch: &amp;apos;amd64&amp;apos;, os.version: &amp;apos;10.0&amp;apos;, java.version: &amp;apos;18.0.2&amp;apos;
Driver info: driver.version: ChromeDriver
remote stacktrace: Backtrace:
	Ordinal0 [0x00F378B3+2193587]
	Ordinal0 [0x00ED0681+1771137]
	Ordinal0 [0x00DE41A8+803240]
	Ordinal0 [0x00E05CC3+941251]
	Ordinal0 [0x00E013EF+922607]
	Ordinal0 [0x00DFEBC1+912321]
	Ordinal0 [0x00E323B0+1123248]
	Ordinal0 [0x00E3200A+1122314]
	Ordinal0 [0x00E2D5C6+1103302]
	Ordinal0 [0x00E077E0+948192]
	Ordinal0 [0x00E086E6+952038]
	GetHandleVerifier [0x011E0CB2+2738370]
	GetHandleVerifier [0x011D21B8+2678216]
	GetHandleVerifier [0x00FC17AA+512954]
	GetHandleVerifier [0x00FC0856+509030]
	Ordinal0 [0x00ED743B+1799227]
	Ordinal0 [0x00EDBB68+1817448]
	Ordinal0 [0x00EDBC55+1817685]
	Ordinal0 [0x00EE5230+1856048]
	BaseThreadInitThunk [0x762E6359+25]
	RtlGetAppContainerNamedObjectPath [0x76FF87A4+228]
	RtlGetAppContainerNamedObjectPath [0x76FF8774+180]
">
      <![CDATA[org.openqa.selenium.SessionNotCreatedException: session not created: This version of ChromeDriver only supports Chrome version 104
Current browser version is 107.0.5304.107 with binary path C:\Program Files (x86)\Google\Chrome\Application\chrome.exe
Build info: version: '3.141.59', revision: 'e82be7d358', time: '2018-11-14T08:17:03'
System info: host: 'TEJASWAROOP', ip: '192.168.1.12', os.name: 'Windows 10', os.arch: 'amd64', os.version: '10.0', java.version: '18.0.2'
Driver info: driver.version: ChromeDriver
remote stacktrace: Backtrace:
Ordinal0 [0x00F378B3+2193587]
Ordinal0 [0x00ED0681+1771137]
Ordinal0 [0x00DE41A8+803240]
Ordinal0 [0x00E05CC3+941251]
Ordinal0 [0x00E013EF+922607]
Ordinal0 [0x00DFEBC1+912321]
Ordinal0 [0x00E323B0+1123248]
Ordinal0 [0x00E3200A+1122314]
Ordinal0 [0x00E2D5C6+1103302]
Ordinal0 [0x00E077E0+948192]
Ordinal0 [0x00E086E6+952038]
GetHandleVerifier [0x011E0CB2+2738370]
GetHandleVerifier [0x011D21B8+2678216]
GetHandleVerifier [0x00FC17AA+512954]
GetHandleVerifier [0x00FC0856+509030]
Ordinal0 [0x00ED743B+1799227]
Ordinal0 [0x00EDBB68+1817448]
Ordinal0 [0x00EDBC55+1817685]
Ordinal0 [0x00EE5230+1856048]
BaseThreadInitThunk [0x762E6359+25]
RtlGetAppContainerNamedObjectPath [0x76FF87A4+228]
RtlGetAppContainerNamedObjectPath [0x76FF8774+180]

at java.base/jdk.internal.reflect.DirectConstructorHandleAccessor.newInstance(DirectConstructorHandleAccessor.java:67)
at java.base/java.lang.reflect.Constructor.newInstanceWithCaller(Constructor.java:499)
at java.base/java.lang.reflect.Constructor.newInstance(Constructor.java:483)
at org.openqa.selenium.remote.W3CHandshakeResponse.lambda$errorHandler$0(W3CHandshakeResponse.java:62)
at org.openqa.selenium.remote.HandshakeResponse.lambda$getResponseFunction$0(HandshakeResponse.java:30)
at org.openqa.selenium.remote.ProtocolHandshake.lambda$createSession$0(ProtocolHandshake.java:126)
at java.base/java.util.stream.ReferencePipeline$3$1.accept(ReferencePipeline.java:197)
at java.base/java.util.Spliterators$ArraySpliterator.tryAdvance(Spliterators.java:1002)
at java.base/java.util.stream.ReferencePipeline.forEachWithCancel(ReferencePipeline.java:129)
at java.base/java.util.stream.AbstractPipeline.copyIntoWithCancel(AbstractPipeline.java:527)
at java.base/java.util.stream.AbstractPipeline.copyInto(AbstractPipeline.java:513)
at java.base/java.util.stream.AbstractPipeline.wrapAndCopyInto(AbstractPipeline.java:499)
at java.base/java.util.stream.FindOps$FindOp.evaluateSequential(FindOps.java:150)
at java.base/java.util.stream.AbstractPipeline.evaluate(AbstractPipeline.java:234)
at java.base/java.util.stream.ReferencePipeline.findFirst(ReferencePipeline.java:647)
at org.openqa.selenium.remote.ProtocolHandshake.createSession(ProtocolHandshake.java:128)
at org.openqa.selenium.remote.ProtocolHandshake.createSession(ProtocolHandshake.java:74)
at org.openqa.selenium.remote.HttpCommandExecutor.execute(HttpCommandExecutor.java:136)
at org.openqa.selenium.remote.service.DriverCommandExecutor.execute(DriverCommandExecutor.java:83)
at org.openqa.selenium.remote.RemoteWebDriver.execute(RemoteWebDriver.java:552)
at org.openqa.selenium.remote.RemoteWebDriver.startSession(RemoteWebDriver.java:213)
at org.openqa.selenium.remote.RemoteWebDriver.<init>(RemoteWebDriver.java:131)
at org.openqa.selenium.chrome.ChromeDriver.<init>(ChromeDriver.java:181)
at org.openqa.selenium.chrome.ChromeDriver.<init>(ChromeDriver.java:168)
at org.openqa.selenium.chrome.ChromeDriver.<init>(ChromeDriver.java:123)
at modulepackage.ModuleClass.browserInitiation(ModuleClass.java:15)
at stepdefinitionpackage.StepDefinitionClass.Browserinitiation(StepDefinitionClass.java:12)
at âœ½.Browser Initiation(file:///C:/Users/Teja%20Swaroop/git/SampleProject/MavenPractice/Feature/Gmail.feature:5)
]]>
    </failure>
  </testcase> <!-- runScenario -->
</testsuite> <!-- Default test -->
